<?xml version="1.0" encoding="UTF-8"?>
<!-- Generated by org.testng.reporters.JUnitReportReporter -->
<testsuite hostname="MAHIRAs-MacBook-Pro.local" failures="0" tests="1" name="com.walletHub.testCases.TC_FaceBook_001" time="10.230" errors="0" timestamp="2022-03-07T20:50:20 IST" skipped="0">
  <testcase classname="com.walletHub.testCases.TC_FaceBook_001" name="loginTest" time="10.230"/>
  <system-out/>
</testsuite> <!-- com.walletHub.testCases.TC_FaceBook_001 -->
